<?xml version="1.0" encoding="UTF-8"?>
<testng-results ignored="0" total="1" passed="1" failed="0" skipped="0">
  <reporter-output>
  </reporter-output>
  <suite started-at="2021-12-30T09:35:26Z" name="Default suite" finished-at="2021-12-30T09:35:26Z" duration-ms="65">
    <groups>
    </groups>
    <test started-at="2021-12-30T09:35:26Z" name="Default test" finished-at="2021-12-30T09:35:26Z" duration-ms="65">
      <class name="practice.Createcontact">
        <test-method signature="createcont()[pri:0, instance:practice.Createcontact@7aaca91a]" started-at="2021-12-30T09:35:26Z" name="createcont" finished-at="2021-12-30T09:35:26Z" duration-ms="17" status="PASS">
          <reporter-output>
          </reporter-output>
        </test-method> <!-- createcont -->
      </class> <!-- practice.Createcontact -->
    </test> <!-- Default test -->
  </suite> <!-- Default suite -->
</testng-results>
